<?xml version="1.0" encoding="UTF-8"?>
<!-- Generated by org.testng.reporters.JUnitReportReporter -->
<testsuite hostname="DESKTOP-8E5A9CN" failures="0" tests="1" name="com.actitime.qa.testcases.LoginPageTest" time="16.787" errors="0" timestamp="2023-03-24T21:17:13 IST" skipped="0">
  <testcase classname="com.actitime.qa.testcases.LoginPageTest" name="verifyForgotPwdLink" time="16.787"/>
  <system-out/>
</testsuite> <!-- com.actitime.qa.testcases.LoginPageTest -->
