<?xml version="1.0" encoding="UTF-8"?>
<!-- Generated by org.testng.reporters.JUnitReportReporter -->
<testsuite hostname="DESKTOP-8E5A9CN" failures="0" tests="3" name="com.actitime.qa.testcases.LoginPageTest" time="29.838" errors="0" timestamp="2023-03-24T19:22:54 IST" skipped="0">
  <testcase classname="com.actitime.qa.testcases.LoginPageTest" name="loginPageLogoTest" time="8.921"/>
  <system-out/>
  <testcase classname="com.actitime.qa.testcases.LoginPageTest" name="loginPageLoginTest" time="11.644"/>
  <system-out/>
  <testcase classname="com.actitime.qa.testcases.LoginPageTest" name="loginPageTitleTest" time="9.273"/>
  <system-out/>
</testsuite> <!-- com.actitime.qa.testcases.LoginPageTest -->
